<?xml version="1.0" encoding="UTF-8"?>
<testng-results skipped="0" failed="0" total="1" passed="1">
  <reporter-output>
  </reporter-output>
  <suite name="Suite" duration-ms="117753" started-at="2018-10-10T17:31:51Z" finished-at="2018-10-10T17:33:48Z">
    <groups>
      <group name="cucumber">
        <method signature="AbstractTestNGCucumberTests.feature(cucumber.api.testng.CucumberFeatureWrapper)[pri:0, instance:runner.RunCuke@6d4b1c02]" name="feature" class="cucumber.api.testng.AbstractTestNGCucumberTests"/>
      </group> <!-- cucumber -->
    </groups>
    <test name="Test" duration-ms="117753" started-at="2018-10-10T17:31:51Z" finished-at="2018-10-10T17:33:48Z">
      <class name="runner.RunCuke">
        <test-method status="PASS" signature="setUpClass()[pri:0, instance:runner.RunCuke@6d4b1c02]" name="setUpClass" is-config="true" duration-ms="485" started-at="2018-10-10T23:01:51Z" finished-at="2018-10-10T23:01:51Z">
          <reporter-output>
          </reporter-output>
        </test-method> <!-- setUpClass -->
        <test-method status="PASS" signature="setup()[pri:0, instance:runner.RunCuke@6d4b1c02]" name="setup" is-config="true" duration-ms="253" started-at="2018-10-10T23:01:51Z" finished-at="2018-10-10T23:01:51Z">
          <reporter-output>
          </reporter-output>
        </test-method> <!-- setup -->
        <test-method status="PASS" signature="feature(cucumber.api.testng.CucumberFeatureWrapper)[pri:0, instance:runner.RunCuke@6d4b1c02]" name="feature" duration-ms="116253" started-at="2018-10-10T23:01:51Z" description="Runs Cucumber Feature" data-provider="features" finished-at="2018-10-10T23:03:48Z">
          <params>
            <param index="0">
              <value>
                <![CDATA[Accepatance Testing To Validate Used Search cars page is working fine.]]>
              </value>
            </param>
          </params>
          <reporter-output>
          </reporter-output>
        </test-method> <!-- feature -->
        <test-method status="PASS" signature="tearDownClass()[pri:0, instance:runner.RunCuke@6d4b1c02]" name="tearDownClass" is-config="true" duration-ms="575" started-at="2018-10-10T23:03:48Z" finished-at="2018-10-10T23:03:48Z">
          <reporter-output>
          </reporter-output>
        </test-method> <!-- tearDownClass -->
      </class> <!-- runner.RunCuke -->
    </test> <!-- Test -->
  </suite> <!-- Suite -->
</testng-results>
