<?xml version="1.0" encoding="UTF-8"?>
<testsuite xmlns:xsi="http://www.w3.org/2001/XMLSchema-instance" xsi:noNamespaceSchemaLocation="https://maven.apache.org/surefire/maven-surefire-plugin/xsd/surefire-test-report.xsd" name="TestSuite" time="547.299" tests="1" errors="0" skipped="0" failures="1">
  <properties>
[...]
</properties>
  <testcase name="feature" classname="runner.RunCuke" time="540.647">
    <failure message="org.openqa.selenium.WebDriverException: java.net.ConnectException: Failed to connect to localhost/0:0:0:0:0:0:0:1:8903&#10;Build info: version: &apos;3.14.0&apos;, revision: &apos;aacccce0&apos;, time: &apos;2018-08-02T20:19:58.91Z&apos;&#10;System info: host: &apos;SHREE&apos;, ip: &apos;192.168.0.108&apos;, os.name: &apos;Windows 10&apos;, os.arch: &apos;amd64&apos;, os.version: &apos;10.0&apos;, java.version: &apos;1.8.0_151&apos;&#10;Driver info: driver.version: SeleniumDriver" type="cucumber.runtime.CucumberException">cucumber.runtime.CucumberException: 
org.openqa.selenium.WebDriverException: java.net.ConnectException: Failed to connect to localhost/0:0:0:0:0:0:0:1:8903
Build info: version: '3.14.0', revision: 'aacccce0', time: '2018-08-02T20:19:58.91Z'
System info: host: 'SHREE', ip: '192.168.0.108', os.name: 'Windows 10', os.arch: 'amd64', os.version: '10.0', java.version: '1.8.0_151'
Driver info: driver.version: SeleniumDriver
Caused by: org.openqa.selenium.WebDriverException: 
java.net.ConnectException: Failed to connect to localhost/0:0:0:0:0:0:0:1:8903
Build info: version: '3.14.0', revision: 'aacccce0', time: '2018-08-02T20:19:58.91Z'
System info: host: 'SHREE', ip: '192.168.0.108', os.name: 'Windows 10', os.arch: 'amd64', os.version: '10.0', java.version: '1.8.0_151'
Driver info: driver.version: SeleniumDriver
Caused by: java.net.ConnectException: Failed to connect to localhost/0:0:0:0:0:0:0:1:8903
Caused by: java.net.ConnectException: Connection refused: connect
</failure>
    <system-out><![CDATA[@Used-Search-Cars
Feature: Accepatance Testing To Validate Used Search cars page is working fine.
  in order to validate that
  search car page is working fine
  we will do acceptance testing
Failure in after hook:AfterActions.tearDown(Scenario)
Message: org.openqa.selenium.WebDriverException: java.net.ConnectException: Failed to connect to localhost/0:0:0:0:0:0:0:1:8903
Build info: version: '3.14.0', revision: 'aacccce0', time: '2018-08-02T20:19:58.91Z'
System info: host: 'SHREE', ip: '192.168.0.108', os.name: 'Windows 10', os.arch: 'amd64', os.version: '10.0', java.version: '1.8.0_151'
Driver info: driver.version: SeleniumDriver
	at org.openqa.selenium.remote.service.DriverCommandExecutor.execute(DriverCommandExecutor.java:92)
	at org.openqa.selenium.remote.RemoteWebDriver.execute(RemoteWebDriver.java:548)
	at org.openqa.selenium.remote.RemoteWebDriver.execute(RemoteWebDriver.java:605)
	at org.openqa.selenium.remote.RemoteWebDriver.close(RemoteWebDriver.java:438)
	at utils.SeleniumDriver.tearDown(SeleniumDriver.java:51)
	at steps.AfterActions.tearDown(AfterActions.java:23)
	at sun.reflect.NativeMethodAccessorImpl.invoke0(Native Method)
	at sun.reflect.NativeMethodAccessorImpl.invoke(NativeMethodAccessorImpl.java:62)
	at sun.reflect.DelegatingMethodAccessorImpl.invoke(DelegatingMethodAccessorImpl.java:43)
	at java.lang.reflect.Method.invoke(Method.java:498)
	at cucumber.runtime.Utils$1.call(Utils.java:40)
	at cucumber.runtime.Timeout.timeout(Timeout.java:16)
	at cucumber.runtime.Utils.invoke(Utils.java:34)
	at cucumber.runtime.java.JavaHookDefinition.execute(JavaHookDefinition.java:60)
	at cucumber.runtime.Runtime.runHookIfTagsMatch(Runtime.java:224)
	at cucumber.runtime.Runtime.runHooks(Runtime.java:212)
	at cucumber.runtime.Runtime.runAfterHooks(Runtime.java:206)
	at cucumber.runtime.model.CucumberScenario.run(CucumberScenario.java:46)
	at cucumber.runtime.model.CucumberFeature.run(CucumberFeature.java:165)
	at cucumber.api.testng.TestNGCucumberRunner.runCucumber(TestNGCucumberRunner.java:63)
	at cucumber.api.testng.AbstractTestNGCucumberTests.feature(AbstractTestNGCucumberTests.java:21)
	at sun.reflect.NativeMethodAccessorImpl.invoke0(Native Method)
	at sun.reflect.NativeMethodAccessorImpl.invoke(NativeMethodAccessorImpl.java:62)
	at sun.reflect.DelegatingMethodAccessorImpl.invoke(DelegatingMethodAccessorImpl.java:43)
	at java.lang.reflect.Method.invoke(Method.java:498)
	at org.testng.internal.MethodInvocationHelper.invokeMethod(MethodInvocationHelper.java:86)
	at org.testng.internal.Invoker.invokeMethod(Invoker.java:643)
	at org.testng.internal.Invoker.invokeTestMethod(Invoker.java:820)
	at org.testng.internal.Invoker.invokeTestMethods(Invoker.java:1128)
	at org.testng.internal.TestMethodWorker.invokeTestMethods(TestMethodWorker.java:129)
	at org.testng.internal.TestMethodWorker.run(TestMethodWorker.java:112)
	at org.testng.TestRunner.privateRun(TestRunner.java:782)
	at org.testng.TestRunner.run(TestRunner.java:632)
	at org.testng.SuiteRunner.runTest(SuiteRunner.java:366)
	at org.testng.SuiteRunner.runSequentially(SuiteRunner.java:361)
	at org.testng.SuiteRunner.privateRun(SuiteRunner.java:319)
	at org.testng.SuiteRunner.run(SuiteRunner.java:268)
	at org.testng.SuiteRunnerWorker.runSuite(SuiteRunnerWorker.java:52)
	at org.testng.SuiteRunnerWorker.run(SuiteRunnerWorker.java:86)
	at org.testng.TestNG.runSuitesSequentially(TestNG.java:1244)
	at org.testng.TestNG.runSuitesLocally(TestNG.java:1169)
	at org.testng.TestNG.run(TestNG.java:1064)
	at org.apache.maven.surefire.testng.TestNGExecutor.run(TestNGExecutor.java:283)
	at org.apache.maven.surefire.testng.TestNGXmlTestSuite.execute(TestNGXmlTestSuite.java:75)
	at org.apache.maven.surefire.testng.TestNGProvider.invoke(TestNGProvider.java:120)
	at org.apache.maven.surefire.booter.ForkedBooter.invokeProviderInSameClassLoader(ForkedBooter.java:383)
	at org.apache.maven.surefire.booter.ForkedBooter.runSuitesInProcess(ForkedBooter.java:344)
	at org.apache.maven.surefire.booter.ForkedBooter.execute(ForkedBooter.java:125)
	at org.apache.maven.surefire.booter.ForkedBooter.main(ForkedBooter.java:417)
Caused by: java.net.ConnectException: Failed to connect to localhost/0:0:0:0:0:0:0:1:8903
	at okhttp3.internal.connection.RealConnection.connectSocket(RealConnection.java:242)
	at okhttp3.internal.connection.RealConnection.connect(RealConnection.java:160)
	at okhttp3.internal.connection.StreamAllocation.findConnection(StreamAllocation.java:257)
	at okhttp3.internal.connection.StreamAllocation.findHealthyConnection(StreamAllocation.java:135)
	at okhttp3.internal.connection.StreamAllocation.newStream(StreamAllocation.java:114)
	at okhttp3.internal.connection.ConnectInterceptor.intercept(ConnectInterceptor.java:42)
	at okhttp3.internal.http.RealInterceptorChain.proceed(RealInterceptorChain.java:147)
	at okhttp3.internal.http.RealInterceptorChain.proceed(RealInterceptorChain.java:121)
	at okhttp3.internal.cache.CacheInterceptor.intercept(CacheInterceptor.java:93)
	at okhttp3.internal.http.RealInterceptorChain.proceed(RealInterceptorChain.java:147)
	at okhttp3.internal.http.RealInterceptorChain.proceed(RealInterceptorChain.java:121)
	at okhttp3.internal.http.BridgeInterceptor.intercept(BridgeInterceptor.java:93)
	at okhttp3.internal.http.RealInterceptorChain.proceed(RealInterceptorChain.java:147)
	at okhttp3.internal.http.RetryAndFollowUpInterceptor.intercept(RetryAndFollowUpInterceptor.java:126)
	at okhttp3.internal.http.RealInterceptorChain.proceed(RealInterceptorChain.java:147)
	at okhttp3.internal.http.RealInterceptorChain.proceed(RealInterceptorChain.java:121)
	at okhttp3.RealCall.getResponseWithInterceptorChain(RealCall.java:200)
	at okhttp3.RealCall.execute(RealCall.java:77)
	at org.openqa.selenium.remote.internal.OkHttpClient.execute(OkHttpClient.java:105)
	at org.openqa.selenium.remote.HttpCommandExecutor.execute(HttpCommandExecutor.java:155)
	at org.openqa.selenium.remote.service.DriverCommandExecutor.execute(DriverCommandExecutor.java:83)
	... 48 more
Caused by: java.net.ConnectException: Connection refused: connect
	at java.net.DualStackPlainSocketImpl.waitForConnect(Native Method)
	at java.net.DualStackPlainSocketImpl.socketConnect(DualStackPlainSocketImpl.java:85)
	at java.net.AbstractPlainSocketImpl.doConnect(AbstractPlainSocketImpl.java:350)
	at java.net.AbstractPlainSocketImpl.connectToAddress(AbstractPlainSocketImpl.java:206)
	at java.net.AbstractPlainSocketImpl.connect(AbstractPlainSocketImpl.java:188)
	at java.net.PlainSocketImpl.connect(PlainSocketImpl.java:172)
	at java.net.SocksSocketImpl.connect(SocksSocketImpl.java:392)
	at java.net.Socket.connect(Socket.java:589)
	at okhttp3.internal.platform.Platform.connectSocket(Platform.java:129)
	at okhttp3.internal.connection.RealConnection.connectSocket(RealConnection.java:240)
	... 68 more

      org.openqa.selenium.WebDriverException: java.net.ConnectException: Failed to connect to localhost/0:0:0:0:0:0:0:1:8903
      Build info: version: '3.14.0', revision: 'aacccce0', time: '2018-08-02T20:19:58.91Z'
      System info: host: 'SHREE', ip: '192.168.0.108', os.name: 'Windows 10', os.arch: 'amd64', os.version: '10.0', java.version: '1.8.0_151'
      Driver info: driver.version: SeleniumDriver
      	at org.openqa.selenium.remote.service.DriverCommandExecutor.execute(DriverCommandExecutor.java:92)
      	at org.openqa.selenium.remote.RemoteWebDriver.execute(RemoteWebDriver.java:548)
      	at org.openqa.selenium.remote.RemoteWebDriver.execute(RemoteWebDriver.java:605)
      	at org.openqa.selenium.remote.RemoteWebDriver.close(RemoteWebDriver.java:438)
      	at utils.SeleniumDriver.tearDown(SeleniumDriver.java:51)
      	at steps.AfterActions.tearDown(AfterActions.java:23)
      	at sun.reflect.NativeMethodAccessorImpl.invoke0(Native Method)
      	at sun.reflect.NativeMethodAccessorImpl.invoke(NativeMethodAccessorImpl.java:62)
      	at sun.reflect.DelegatingMethodAccessorImpl.invoke(DelegatingMethodAccessorImpl.java:43)
      	at java.lang.reflect.Method.invoke(Method.java:498)
      	at cucumber.runtime.Utils$1.call(Utils.java:40)
      	at cucumber.runtime.Timeout.timeout(Timeout.java:16)
      	at cucumber.runtime.Utils.invoke(Utils.java:34)
      	at cucumber.runtime.java.JavaHookDefinition.execute(JavaHookDefinition.java:60)
      	at cucumber.runtime.Runtime.runHookIfTagsMatch(Runtime.java:224)
      	at cucumber.runtime.Runtime.runHooks(Runtime.java:212)
      	at cucumber.runtime.Runtime.runAfterHooks(Runtime.java:206)
      	at cucumber.runtime.model.CucumberScenario.run(CucumberScenario.java:46)
      	at cucumber.runtime.model.CucumberFeature.run(CucumberFeature.java:165)
      	at cucumber.api.testng.TestNGCucumberRunner.runCucumber(TestNGCucumberRunner.java:63)
      	at cucumber.api.testng.AbstractTestNGCucumberTests.feature(AbstractTestNGCucumberTests.java:21)
      	at sun.reflect.NativeMethodAccessorImpl.invoke0(Native Method)
      	at sun.reflect.NativeMethodAccessorImpl.invoke(NativeMethodAccessorImpl.java:62)
      	at sun.reflect.DelegatingMethodAccessorImpl.invoke(DelegatingMethodAccessorImpl.java:43)
      	at java.lang.reflect.Method.invoke(Method.java:498)
      	at org.testng.internal.MethodInvocationHelper.invokeMethod(MethodInvocationHelper.java:86)
      	at org.testng.internal.Invoker.invokeMethod(Invoker.java:643)
      	at org.testng.internal.Invoker.invokeTestMethod(Invoker.java:820)
      	at org.testng.internal.Invoker.invokeTestMethods(Invoker.java:1128)
      	at org.testng.internal.TestMethodWorker.invokeTestMethods(TestMethodWorker.java:129)
      	at org.testng.internal.TestMethodWorker.run(TestMethodWorker.java:112)
      	at org.testng.TestRunner.privateRun(TestRunner.java:782)
      	at org.testng.TestRunner.run(TestRunner.java:632)
      	at org.testng.SuiteRunner.runTest(SuiteRunner.java:366)
      	at org.testng.SuiteRunner.runSequentially(SuiteRunner.java:361)
      	at org.testng.SuiteRunner.privateRun(SuiteRunner.java:319)
      	at org.testng.SuiteRunner.run(SuiteRunner.java:268)
      	at org.testng.SuiteRunnerWorker.runSuite(SuiteRunnerWorker.java:52)
      	at org.testng.SuiteRunnerWorker.run(SuiteRunnerWorker.java:86)
      	at org.testng.TestNG.runSuitesSequentially(TestNG.java:1244)
      	at org.testng.TestNG.runSuitesLocally(TestNG.java:1169)
      	at org.testng.TestNG.run(TestNG.java:1064)
      	at org.apache.maven.surefire.testng.TestNGExecutor.run(TestNGExecutor.java:283)
      	at org.apache.maven.surefire.testng.TestNGXmlTestSuite.execute(TestNGXmlTestSuite.java:75)
      	at org.apache.maven.surefire.testng.TestNGProvider.invoke(TestNGProvider.java:120)
      	at org.apache.maven.surefire.booter.ForkedBooter.invokeProviderInSameClassLoader(ForkedBooter.java:383)
      	at org.apache.maven.surefire.booter.ForkedBooter.runSuitesInProcess(ForkedBooter.java:344)
      	at org.apache.maven.surefire.booter.ForkedBooter.execute(ForkedBooter.java:125)
      	at org.apache.maven.surefire.booter.ForkedBooter.main(ForkedBooter.java:417)
      Caused by: java.net.ConnectException: Failed to connect to localhost/0:0:0:0:0:0:0:1:8903
      	at okhttp3.internal.connection.RealConnection.connectSocket(RealConnection.java:242)
      	at okhttp3.internal.connection.RealConnection.connect(RealConnection.java:160)
      	at okhttp3.internal.connection.StreamAllocation.findConnection(StreamAllocation.java:257)
      	at okhttp3.internal.connection.StreamAllocation.findHealthyConnection(StreamAllocation.java:135)
      	at okhttp3.internal.connection.StreamAllocation.newStream(StreamAllocation.java:114)
      	at okhttp3.internal.connection.ConnectInterceptor.intercept(ConnectInterceptor.java:42)
      	at okhttp3.internal.http.RealInterceptorChain.proceed(RealInterceptorChain.java:147)
      	at okhttp3.internal.http.RealInterceptorChain.proceed(RealInterceptorChain.java:121)
      	at okhttp3.internal.cache.CacheInterceptor.intercept(CacheInterceptor.java:93)
      	at okhttp3.internal.http.RealInterceptorChain.proceed(RealInterceptorChain.java:147)
      	at okhttp3.internal.http.RealInterceptorChain.proceed(RealInterceptorChain.java:121)
      	at okhttp3.internal.http.BridgeInterceptor.intercept(BridgeInterceptor.java:93)
      	at okhttp3.internal.http.RealInterceptorChain.proceed(RealInterceptorChain.java:147)
      	at okhttp3.internal.http.RetryAndFollowUpInterceptor.intercept(RetryAndFollowUpInterceptor.java:126)
      	at okhttp3.internal.http.RealInterceptorChain.proceed(RealInterceptorChain.java:147)
      	at okhttp3.internal.http.RealInterceptorChain.proceed(RealInterceptorChain.java:121)
      	at okhttp3.RealCall.getResponseWithInterceptorChain(RealCall.java:200)
      	at okhttp3.RealCall.execute(RealCall.java:77)
      	at org.openqa.selenium.remote.internal.OkHttpClient.execute(OkHttpClient.java:105)
      	at org.openqa.selenium.remote.HttpCommandExecutor.execute(HttpCommandExecutor.java:155)
      	at org.openqa.selenium.remote.service.DriverCommandExecutor.execute(DriverCommandExecutor.java:83)
      	... 48 more
      Caused by: java.net.ConnectException: Connection refused: connect
      	at java.net.DualStackPlainSocketImpl.waitForConnect(Native Method)
      	at java.net.DualStackPlainSocketImpl.socketConnect(DualStackPlainSocketImpl.java:85)
      	at java.net.AbstractPlainSocketImpl.doConnect(AbstractPlainSocketImpl.java:350)
      	at java.net.AbstractPlainSocketImpl.connectToAddress(AbstractPlainSocketImpl.java:206)
      	at java.net.AbstractPlainSocketImpl.connect(AbstractPlainSocketImpl.java:188)
      	at java.net.PlainSocketImpl.connect(PlainSocketImpl.java:172)
      	at java.net.SocksSocketImpl.connect(SocksSocketImpl.java:392)
      	at java.net.Socket.connect(Socket.java:589)
      	at okhttp3.internal.platform.Platform.connectSocket(Platform.java:129)
      	at okhttp3.internal.connection.RealConnection.connectSocket(RealConnection.java:240)
      	... 68 more


  @Used-Search-Cars-Positive
  Scenario: validate used search cars page                                                   # src/test/resources/features/UsedCarSearch.feature:8
    Given I am on the home page  "https://www.carsguide.com.au"  of CarsGuide WebSite        # SearchCarsSteps.i_am_on_the_home_page_of_CarsGuide_WebSite(String)
      org.openqa.selenium.WebDriverException: java.net.ConnectException: Failed to connect to localhost/0:0:0:0:0:0:0:1:8903
      Build info: version: '3.14.0', revision: 'aacccce0', time: '2018-08-02T20:19:58.91Z'
      System info: host: 'SHREE', ip: '192.168.0.108', os.name: 'Windows 10', os.arch: 'amd64', os.version: '10.0', java.version: '1.8.0_151'
      Driver info: driver.version: SeleniumDriver
      	at org.openqa.selenium.remote.service.DriverCommandExecutor.execute(DriverCommandExecutor.java:92)
      	at org.openqa.selenium.remote.RemoteWebDriver.execute(RemoteWebDriver.java:548)
      	at org.openqa.selenium.remote.RemoteWebDriver.get(RemoteWebDriver.java:276)
      	at utils.SeleniumDriver.openPage(SeleniumDriver.java:33)
      	at steps.SearchCarsSteps.i_am_on_the_home_page_of_CarsGuide_WebSite(SearchCarsSteps.java:23)
      	at ?.Given I am on the home page  "https://www.carsguide.com.au"  of CarsGuide WebSite(src/test/resources/features/UsedCarSearch.feature:9)
      Caused by: java.net.ConnectException: Failed to connect to localhost/0:0:0:0:0:0:0:1:8903
      	at okhttp3.internal.connection.RealConnection.connectSocket(RealConnection.java:242)
      	at okhttp3.internal.connection.RealConnection.connect(RealConnection.java:160)
      	at okhttp3.internal.connection.StreamAllocation.findConnection(StreamAllocation.java:257)
      	at okhttp3.internal.connection.StreamAllocation.findHealthyConnection(StreamAllocation.java:135)
      	at okhttp3.internal.connection.StreamAllocation.newStream(StreamAllocation.java:114)
      	at okhttp3.internal.connection.ConnectInterceptor.intercept(ConnectInterceptor.java:42)
      	at okhttp3.internal.http.RealInterceptorChain.proceed(RealInterceptorChain.java:147)
      	at okhttp3.internal.http.RealInterceptorChain.proceed(RealInterceptorChain.java:121)
      	at okhttp3.internal.cache.CacheInterceptor.intercept(CacheInterceptor.java:93)
      	at okhttp3.internal.http.RealInterceptorChain.proceed(RealInterceptorChain.java:147)
      	at okhttp3.internal.http.RealInterceptorChain.proceed(RealInterceptorChain.java:121)
      	at okhttp3.internal.http.BridgeInterceptor.intercept(BridgeInterceptor.java:93)
      	at okhttp3.internal.http.RealInterceptorChain.proceed(RealInterceptorChain.java:147)
      	at okhttp3.internal.http.RetryAndFollowUpInterceptor.intercept(RetryAndFollowUpInterceptor.java:126)
      	at okhttp3.internal.http.RealInterceptorChain.proceed(RealInterceptorChain.java:147)
      	at okhttp3.internal.http.RealInterceptorChain.proceed(RealInterceptorChain.java:121)
      	at okhttp3.RealCall.getResponseWithInterceptorChain(RealCall.java:200)
      	at okhttp3.RealCall.execute(RealCall.java:77)
      	at org.openqa.selenium.remote.internal.OkHttpClient.execute(OkHttpClient.java:105)
      	at org.openqa.selenium.remote.HttpCommandExecutor.execute(HttpCommandExecutor.java:155)
      	at org.openqa.selenium.remote.service.DriverCommandExecutor.execute(DriverCommandExecutor.java:83)
      	at org.openqa.selenium.remote.RemoteWebDriver.execute(RemoteWebDriver.java:548)
      	at org.openqa.selenium.remote.RemoteWebDriver.get(RemoteWebDriver.java:276)
      	at utils.SeleniumDriver.openPage(SeleniumDriver.java:33)
      	at steps.SearchCarsSteps.i_am_on_the_home_page_of_CarsGuide_WebSite(SearchCarsSteps.java:23)
      	at sun.reflect.NativeMethodAccessorImpl.invoke0(Native Method)
      	at sun.reflect.NativeMethodAccessorImpl.invoke(NativeMethodAccessorImpl.java:62)
      	at sun.reflect.DelegatingMethodAccessorImpl.invoke(DelegatingMethodAccessorImpl.java:43)
      	at java.lang.reflect.Method.invoke(Method.java:498)
      	at cucumber.runtime.Utils$1.call(Utils.java:40)
      	at cucumber.runtime.Timeout.timeout(Timeout.java:16)
      	at cucumber.runtime.Utils.invoke(Utils.java:34)
      	at cucumber.runtime.java.JavaStepDefinition.execute(JavaStepDefinition.java:38)
      	at cucumber.runtime.StepDefinitionMatch.runStep(StepDefinitionMatch.java:37)
      	at cucumber.runtime.Runtime.runStep(Runtime.java:300)
      	at cucumber.runtime.model.StepContainer.runStep(StepContainer.java:44)
      	at cucumber.runtime.model.StepContainer.runSteps(StepContainer.java:39)
      	at cucumber.runtime.model.CucumberScenario.run(CucumberScenario.java:44)
      	at cucumber.runtime.model.CucumberFeature.run(CucumberFeature.java:165)
      	at cucumber.api.testng.TestNGCucumberRunner.runCucumber(TestNGCucumberRunner.java:63)
      	at cucumber.api.testng.AbstractTestNGCucumberTests.feature(AbstractTestNGCucumberTests.java:21)
      	at sun.reflect.NativeMethodAccessorImpl.invoke0(Native Method)
      	at sun.reflect.NativeMethodAccessorImpl.invoke(NativeMethodAccessorImpl.java:62)
      	at sun.reflect.DelegatingMethodAccessorImpl.invoke(DelegatingMethodAccessorImpl.java:43)
      	at java.lang.reflect.Method.invoke(Method.java:498)
      	at org.testng.internal.MethodInvocationHelper.invokeMethod(MethodInvocationHelper.java:86)
      	at org.testng.internal.Invoker.invokeMethod(Invoker.java:643)
      	at org.testng.internal.Invoker.invokeTestMethod(Invoker.java:820)
      	at org.testng.internal.Invoker.invokeTestMethods(Invoker.java:1128)
      	at org.testng.internal.TestMethodWorker.invokeTestMethods(TestMethodWorker.java:129)
      	at org.testng.internal.TestMethodWorker.run(TestMethodWorker.java:112)
      	at org.testng.TestRunner.privateRun(TestRunner.java:782)
      	at org.testng.TestRunner.run(TestRunner.java:632)
      	at org.testng.SuiteRunner.runTest(SuiteRunner.java:366)
      	at org.testng.SuiteRunner.runSequentially(SuiteRunner.java:361)
      	at org.testng.SuiteRunner.privateRun(SuiteRunner.java:319)
      	at org.testng.SuiteRunner.run(SuiteRunner.java:268)
      	at org.testng.SuiteRunnerWorker.runSuite(SuiteRunnerWorker.java:52)
      	at org.testng.SuiteRunnerWorker.run(SuiteRunnerWorker.java:86)
      	at org.testng.TestNG.runSuitesSequentially(TestNG.java:1244)
      	at org.testng.TestNG.runSuitesLocally(TestNG.java:1169)
      	at org.testng.TestNG.run(TestNG.java:1064)
      	at org.apache.maven.surefire.testng.TestNGExecutor.run(TestNGExecutor.java:283)
      	at org.apache.maven.surefire.testng.TestNGXmlTestSuite.execute(TestNGXmlTestSuite.java:75)
      	at org.apache.maven.surefire.testng.TestNGProvider.invoke(TestNGProvider.java:120)
      	at org.apache.maven.surefire.booter.ForkedBooter.invokeProviderInSameClassLoader(ForkedBooter.java:383)
      	at org.apache.maven.surefire.booter.ForkedBooter.runSuitesInProcess(ForkedBooter.java:344)
      	at org.apache.maven.surefire.booter.ForkedBooter.execute(ForkedBooter.java:125)
      	at org.apache.maven.surefire.booter.ForkedBooter.main(ForkedBooter.java:417)
      Caused by: java.net.ConnectException: Connection refused: connect
      	at java.net.DualStackPlainSocketImpl.waitForConnect(Native Method)
      	at java.net.DualStackPlainSocketImpl.socketConnect(DualStackPlainSocketImpl.java:85)
      	at java.net.AbstractPlainSocketImpl.doConnect(AbstractPlainSocketImpl.java:350)
      	at java.net.AbstractPlainSocketImpl.connectToAddress(AbstractPlainSocketImpl.java:206)
      	at java.net.AbstractPlainSocketImpl.connect(AbstractPlainSocketImpl.java:188)
      	at java.net.PlainSocketImpl.connect(PlainSocketImpl.java:172)
      	at java.net.SocksSocketImpl.connect(SocksSocketImpl.java:392)
      	at java.net.Socket.connect(Socket.java:589)
      	at okhttp3.internal.platform.Platform.connectSocket(Platform.java:129)
      	at okhttp3.internal.connection.RealConnection.connectSocket(RealConnection.java:240)
      	... 68 more

    When I move to the menu                                                                  # SearchCarsSteps.i_move_to_the_menu(String>)
    And click on "Used" links on used  search Car page                                       # UsedCarsSteps.click_on_links_on_used_search_Car_page(String)
    And select car brand as "AUDI" from AnyMake dropdown on used  search Car page            # UsedCarsSteps.select_car_brand_as_from_AnyMake_dropdown_on_used_search_Car_page(String)
    And select car model on used  search Car page                                            # UsedCarsSteps.select_car_model_on_used_search_Car_page(String>)
    And select car brand as "SA - All" from SelectLocation dropdown on used  search Car page # UsedCarsSteps.select_car_brand_as_from_SelectLocation_dropdown_on_used_search_Car_page(String)
    And select car brand as "$2,000" from price dropdown on used  search Car page            # UsedCarsSteps.select_car_brand_as_from_price_dropdown_on_used_search_Car_page(String)
    And click on Find_My_Next_Car button on used  search Car page                            # UsedCarsSteps.click_on_Find_My_Next_Car_button_on_used_search_Car_page()
    Then I should see list of search cars on used  search Car page                           # UsedCarsSteps.i_should_see_list_of_search_cars_on_used_search_Car_page()
    And the page title should be "Used Audi A4 Under 2000 for Sale SA | carsguide"           # SearchCarsSteps.the_page_title_should_be(String)
]]></system-out>
    <system-err><![CDATA[Starting ChromeDriver 2.37.544315 (730aa6a5fdba159ac9f4c1e8cbc59bf1b5ce12b7) on port 8903
Only local connections are allowed.
Jan 12, 2019 11:17:00 PM org.openqa.selenium.remote.ProtocolHandshake createSession
INFO: Detected dialect: OSS
]]></system-err>
  </testcase>
</testsuite>